=== FlashCpp Crash Report ===

Timestamp: 2025-11-27 12:20:26
Signal: 6 (SIGABRT (Abort))
Fault Address: 0x3e90000111d

=== Stack Trace ===

[ 0] ./x64/Debug/FlashCpp(+0x1ce850) [0x55b76d71e850]
[ 1] /lib/x86_64-linux-gnu/libc.so.6(+0x45330) [0x7fb88fc45330]
[ 2] /lib/x86_64-linux-gnu/libc.so.6(pthread_kill+0x11c) [0x7fb88fc9eb2c]
[ 3] /lib/x86_64-linux-gnu/libc.so.6(gsignal+0x1e) [0x7fb88fc4527e]
[ 4] /lib/x86_64-linux-gnu/libc.so.6(abort+0xdf) [0x7fb88fc288ff]
[ 5] /lib/x86_64-linux-gnu/libc.so.6(+0x2881b) [0x7fb88fc2881b]
[ 6] /lib/x86_64-linux-gnu/libc.so.6(+0x3b517) [0x7fb88fc3b517]
[ 7] ./x64/Debug/FlashCpp(+0x2c3614) [0x55b76d813614]
[ 8] ./x64/Debug/FlashCpp(+0x1cbc0f) [0x55b76d71bc0f]
[ 9] ./x64/Debug/FlashCpp(+0x1bde1b) [0x55b76d70de1b]
[10] /lib/x86_64-linux-gnu/libc.so.6(+0x2a1ca) [0x7fb88fc2a1ca]
[11] /lib/x86_64-linux-gnu/libc.so.6(__libc_start_main+0x8b) [0x7fb88fc2a28b]
[12] ./x64/Debug/FlashCpp(+0x133e5) [0x55b76d5633e5]

=== System Information ===

System: Linux
Node: runnervmg1sw1
Release: 6.11.0-1018-azure
Version: #18~24.04.1-Ubuntu SMP Sat Jun 28 04:46:03 UTC 2025
Machine: x86_64

=== End of Crash Report ===
