=== FlashCpp Crash Report ===

Timestamp: 2025-11-27 12:20:20
Signal: 6 (SIGABRT (Abort))
Fault Address: 0x3e900000f54

=== Stack Trace ===

[ 0] ./x64/Debug/FlashCpp(+0x1ce850) [0x5583c2892850]
[ 1] /lib/x86_64-linux-gnu/libc.so.6(+0x45330) [0x7f9917845330]
[ 2] /lib/x86_64-linux-gnu/libc.so.6(pthread_kill+0x11c) [0x7f991789eb2c]
[ 3] /lib/x86_64-linux-gnu/libc.so.6(gsignal+0x1e) [0x7f991784527e]
[ 4] /lib/x86_64-linux-gnu/libc.so.6(abort+0xdf) [0x7f99178288ff]
[ 5] /lib/x86_64-linux-gnu/libc.so.6(+0x2881b) [0x7f991782881b]
[ 6] /lib/x86_64-linux-gnu/libc.so.6(+0x3b517) [0x7f991783b517]
[ 7] ./x64/Debug/FlashCpp(+0x2e55e1) [0x5583c29a95e1]
[ 8] ./x64/Debug/FlashCpp(+0x2b836f) [0x5583c297c36f]
[ 9] ./x64/Debug/FlashCpp(+0x1cb545) [0x5583c288f545]
[10] ./x64/Debug/FlashCpp(+0x1bde1b) [0x5583c2881e1b]
[11] /lib/x86_64-linux-gnu/libc.so.6(+0x2a1ca) [0x7f991782a1ca]
[12] /lib/x86_64-linux-gnu/libc.so.6(__libc_start_main+0x8b) [0x7f991782a28b]
[13] ./x64/Debug/FlashCpp(+0x133e5) [0x5583c26d73e5]

=== System Information ===

System: Linux
Node: runnervmg1sw1
Release: 6.11.0-1018-azure
Version: #18~24.04.1-Ubuntu SMP Sat Jun 28 04:46:03 UTC 2025
Machine: x86_64

=== End of Crash Report ===
