=== FlashCpp Crash Report ===

Timestamp: 2025-11-27 12:20:18
Signal: 6 (SIGABRT (Abort))
Fault Address: 0x3e900000e87

=== Stack Trace ===

[ 0] ./x64/Debug/FlashCpp(+0x1ce850) [0x55cef0a44850]
[ 1] /lib/x86_64-linux-gnu/libc.so.6(+0x45330) [0x7f0e2da45330]
[ 2] /lib/x86_64-linux-gnu/libc.so.6(pthread_kill+0x11c) [0x7f0e2da9eb2c]
[ 3] /lib/x86_64-linux-gnu/libc.so.6(gsignal+0x1e) [0x7f0e2da4527e]
[ 4] /lib/x86_64-linux-gnu/libc.so.6(abort+0xdf) [0x7f0e2da288ff]
[ 5] /lib/x86_64-linux-gnu/libc.so.6(+0x2881b) [0x7f0e2da2881b]
[ 6] /lib/x86_64-linux-gnu/libc.so.6(+0x3b517) [0x7f0e2da3b517]
[ 7] ./x64/Debug/FlashCpp(+0x2e55e1) [0x55cef0b5b5e1]
[ 8] ./x64/Debug/FlashCpp(+0x2b836f) [0x55cef0b2e36f]
[ 9] ./x64/Debug/FlashCpp(+0x1cb545) [0x55cef0a41545]
[10] ./x64/Debug/FlashCpp(+0x1bde1b) [0x55cef0a33e1b]
[11] /lib/x86_64-linux-gnu/libc.so.6(+0x2a1ca) [0x7f0e2da2a1ca]
[12] /lib/x86_64-linux-gnu/libc.so.6(__libc_start_main+0x8b) [0x7f0e2da2a28b]
[13] ./x64/Debug/FlashCpp(+0x133e5) [0x55cef08893e5]

=== System Information ===

System: Linux
Node: runnervmg1sw1
Release: 6.11.0-1018-azure
Version: #18~24.04.1-Ubuntu SMP Sat Jun 28 04:46:03 UTC 2025
Machine: x86_64

=== End of Crash Report ===
